<?xml version="1.0" encoding="UTF-8"?>
<testsuite xmlns:xsi="http://www.w3.org/2001/XMLSchema-instance" xsi:noNamespaceSchemaLocation="https://maven.apache.org/surefire/maven-surefire-plugin/xsd/surefire-test-report.xsd" name="com.robosoft.discoveryPoC.testScenarios.TestScenarios" time="86.107" tests="6" errors="0" skipped="1" failures="1">
  <properties>
[...]
</properties>
  <testcase name="verifyIfSplashScreenIsShownTest" classname="com.robosoft.discoveryPoC.testScenarios.TestScenarios" time="0.292"/>
  <testcase name="verifySelectionOfSeasonsTest" classname="com.robosoft.discoveryPoC.testScenarios.TestScenarios" time="12.108"/>
  <testcase name="verifySelectionofEpisodesTabTest" classname="com.robosoft.discoveryPoC.testScenarios.TestScenarios" time="7.71"/>
  <testcase name="verifySelectionShortsTabTest" classname="com.robosoft.discoveryPoC.testScenarios.TestScenarios" time="12.014"/>
  <testcase name="verifyIfPremiumContentBadgeIsShownTest" classname="com.robosoft.discoveryPoC.testScenarios.TestScenarios" time="15.769">
    <failure message="An element could not be located on the page using the given search parameters.&#10;For documentation on this error, please visit: https://www.seleniumhq.org/exceptions/no_such_element.html&#10;Build info: version: &apos;3.141.59&apos;, revision: &apos;e82be7d358&apos;, time: &apos;2018-11-14T08:17:03&apos;&#10;System info: host: &apos;Apium-2.local&apos;, ip: &apos;fe80:0:0:0:1069:1678:32bf:7985%en0&apos;, os.name: &apos;Mac OS X&apos;, os.arch: &apos;x86_64&apos;, os.version: &apos;10.12.6&apos;, java.version: &apos;1.8.0_91&apos;&#10;Driver info: io.appium.java_client.AppiumDriver&#10;Capabilities {app: /Users/nithinshetty/Downloa..., appActivity: com.discovery.discoveryplus..., appPackage: com.discovery.discoveryplus, databaseEnabled: false, desired: {app: /Users/nithinshetty/Downloa..., appActivity: com.discovery.discoveryplus..., appPackage: com.discovery.discoveryplus, deviceName: emulator-5554, platformName: android}, deviceManufacturer: Google, deviceModel: Android SDK built for x86, deviceName: emulator-5554, deviceScreenSize: 1080x1920, deviceUDID: emulator-5554, javascriptEnabled: true, locationContextEnabled: false, networkConnectionEnabled: true, platform: LINUX, platformName: LINUX, platformVersion: 9, takesScreenshot: true, warnings: {}, webStorageEnabled: false}&#10;Session ID: e06385e7-5581-4342-becd-8166517f8239&#10;*** Element info: {Using=id, value=com.discovery.discoveryplus:id/premium_badge}" type="org.openqa.selenium.NoSuchElementException">org.openqa.selenium.NoSuchElementException: 
An element could not be located on the page using the given search parameters.
For documentation on this error, please visit: https://www.seleniumhq.org/exceptions/no_such_element.html
Build info: version: '3.141.59', revision: 'e82be7d358', time: '2018-11-14T08:17:03'
System info: host: 'Apium-2.local', ip: 'fe80:0:0:0:1069:1678:32bf:7985%en0', os.name: 'Mac OS X', os.arch: 'x86_64', os.version: '10.12.6', java.version: '1.8.0_91'
Driver info: io.appium.java_client.AppiumDriver
Capabilities {app: /Users/nithinshetty/Downloa..., appActivity: com.discovery.discoveryplus..., appPackage: com.discovery.discoveryplus, databaseEnabled: false, desired: {app: /Users/nithinshetty/Downloa..., appActivity: com.discovery.discoveryplus..., appPackage: com.discovery.discoveryplus, deviceName: emulator-5554, platformName: android}, deviceManufacturer: Google, deviceModel: Android SDK built for x86, deviceName: emulator-5554, deviceScreenSize: 1080x1920, deviceUDID: emulator-5554, javascriptEnabled: true, locationContextEnabled: false, networkConnectionEnabled: true, platform: LINUX, platformName: LINUX, platformVersion: 9, takesScreenshot: true, warnings: {}, webStorageEnabled: false}
Session ID: e06385e7-5581-4342-becd-8166517f8239
*** Element info: {Using=id, value=com.discovery.discoveryplus:id/premium_badge}
	at com.robosoft.discoveryPoC.testScenarios.TestScenarios.verifyIfPremiumContentBadgeIsShownTest(TestScenarios.java:92)
</failure>
  </testcase>
  <testcase name="verifyTraditionalLoginTest" classname="com.robosoft.discoveryPoC.testScenarios.TestScenarios" time="0">
    <skipped message="Skipping - This content is Non-Premium. Hence Login is not required "/>
  </testcase>
</testsuite>