<?xml version="1.0" encoding="UTF-8"?>
<!-- Generated by org.testng.reporters.JUnitXMLReporter -->
<testsuite hostname="Apium-2.local" ignored="0" name="Surefire test" tests="4" failures="0" timestamp="09 May 2019 13:19:15 GMT" time="46.608" errors="0">
  <testcase name="verifyIfSplashScreenIsShownTest" time="0.302" classname="com.discovery.discoveryplus.appium.testScenarios.TestScenarios"/>
  <testcase name="verifySelectionOfSeasonsTest" time="10.599" classname="com.discovery.discoveryplus.appium.testScenarios.TestScenarios"/>
  <testcase name="verifySelectionofEpisodesTabTest" time="8.087" classname="com.discovery.discoveryplus.appium.testScenarios.TestScenarios"/>
  <testcase name="verifySelectionShortsTabTest" time="11.624" classname="com.discovery.discoveryplus.appium.testScenarios.TestScenarios"/>
</testsuite> <!-- Surefire test -->
